<?xml version="1.0" encoding="UTF-8"?>
<!-- Generated by org.testng.reporters.JUnitReportReporter -->
<testsuite hostname="DESKTOP-JAOKITQ" failures="0" tests="1" name="test.LoginTest" time="9.260" errors="0" timestamp="28 Jul 2019 19:00:27 GMT">
  <testcase classname="test.LoginTest" name="loginTest" time="9.260"/>
</testsuite> <!-- test.LoginTest -->
