<?xml version="1.0" encoding="UTF-8"?>
<!-- Generated by org.testng.reporters.JUnitReportReporter -->
<testsuite hostname="DESKTOP-JAOKITQ" failures="0" tests="1" name="test.AddContactTest" time="30.552" errors="0" timestamp="29 Jul 2019 18:48:38 GMT">
  <testcase classname="test.AddContactTest" name="addContactTest" time="30.552"/>
</testsuite> <!-- test.AddContactTest -->
